<?xml version="1.0" encoding="UTF-8"?>
<testng-results skipped="0" failed="0" total="1" passed="1">
  <reporter-output>
  </reporter-output>
  <suite name="Suite" duration-ms="49331" started-at="2019-11-13T13:39:33Z" finished-at="2019-11-13T13:40:22Z">
    <groups>
    </groups>
    <test name="Hotwire_automation_test" duration-ms="49331" started-at="2019-11-13T13:39:33Z" finished-at="2019-11-13T13:40:22Z">
      <class name="hotwire_automation_Testcases.Search_Test_Cases">
        <test-method status="PASS" signature="initialize()[pri:0, instance:hotwire_automation_Testcases.Search_Test_Cases@643b1d11]" name="initialize" is-config="true" duration-ms="81865" started-at="2019-11-13T19:08:11Z" finished-at="2019-11-13T19:09:33Z">
          <reporter-output>
          </reporter-output>
        </test-method> <!-- initialize -->
        <test-method status="PASS" signature="Searchtest()[pri:0, instance:hotwire_automation_Testcases.Search_Test_Cases@643b1d11]" name="Searchtest" duration-ms="49290" started-at="2019-11-13T19:09:33Z" finished-at="2019-11-13T19:10:22Z">
          <reporter-output>
          </reporter-output>
        </test-method> <!-- Searchtest -->
        <test-method status="PASS" signature="TeardownTest()[pri:0, instance:hotwire_automation_Testcases.Search_Test_Cases@643b1d11]" name="TeardownTest" is-config="true" duration-ms="1217" started-at="2019-11-13T19:10:22Z" finished-at="2019-11-13T19:10:24Z">
          <reporter-output>
          </reporter-output>
        </test-method> <!-- TeardownTest -->
      </class> <!-- hotwire_automation_Testcases.Search_Test_Cases -->
    </test> <!-- Hotwire_automation_test -->
  </suite> <!-- Suite -->
</testng-results>
